This is XeTeX, Version 3.141592653-2.6-0.999994 (MiKTeX 22.8.28) (preloaded format=xelatex 2022.10.11)  19 MAR 2023 20:00
entering extended mode
 restricted \write18 enabled.
 %&-line parsing enabled.
**./index.tex
(index.tex
LaTeX2e <2022-06-01> patch level 5
L3 programming layer <2022-09-28> (C:\Users\yura\AppData\Roaming\MiKTeX\tex/lat
ex/koma-script\scrreprt.cls
Document Class: scrreprt 2022/10/12 v3.38 KOMA-Script document class (report)
(C:\Users\yura\AppData\Roaming\MiKTeX\tex/latex/koma-script\scrkbase.sty
Package: scrkbase 2022/10/12 v3.38 KOMA-Script package (KOMA-Script-dependent b
asics and keyval usage)
(C:\Users\yura\AppData\Roaming\MiKTeX\tex/latex/koma-script\scrbase.sty
Package: scrbase 2022/10/12 v3.38 KOMA-Script package (KOMA-Script-independent 
basics and keyval usage)
(C:\Users\yura\AppData\Roaming\MiKTeX\tex/latex/koma-script\scrlfile.sty
Package: scrlfile 2022/10/12 v3.38 KOMA-Script package (file load hooks)
(C:\Users\yura\AppData\Roaming\MiKTeX\tex/latex/koma-script\scrlfile-hook.sty
Package: scrlfile-hook 2022/10/12 v3.38 KOMA-Script package (using LaTeX hooks)

(C:\Users\yura\AppData\Roaming\MiKTeX\tex/latex/koma-script\scrlogo.sty
Package: scrlogo 2022/10/12 v3.38 KOMA-Script package (logo)
))) (E:\devSoftware\MiKTeX\tex/latex/graphics\keyval.sty
Package: keyval 2022/05/29 v1.15 key=value parser (DPC)
\KV@toks@=\toks16
)
Applying: [2021/05/01] Usage of raw or classic option list on input line 252.
Already applied: [0000/00/00] Usage of raw or classic option list on input line
 368.
)) (C:\Users\yura\AppData\Roaming\MiKTeX\tex/latex/koma-script\tocbasic.sty
Package: tocbasic 2022/10/12 v3.38 KOMA-Script package (handling toc-files)
\scr@dte@tocline@numberwidth=\skip47
\scr@dte@tocline@numbox=\box51
)
Package tocbasic Info: omitting babel extension for `toc'
(tocbasic)             because of feature `nobabel' available
(tocbasic)             for `toc' on input line 137.
Class scrreprt Info: File `scrsize11pt.clo' used instead of
(scrreprt)           file `scrsize11.clo' to setup font sizes on input line 261
4.
(C:\Users\yura\AppData\Roaming\MiKTeX\tex/latex/koma-script\scrsize11pt.clo
File: scrsize11pt.clo 2022/10/12 v3.38 KOMA-Script font size class option (11pt
)
) (C:\Users\yura\AppData\Roaming\MiKTeX\tex/latex/koma-script\typearea.sty
Package: typearea 2022/10/12 v3.38 KOMA-Script package (type area)
\ta@bcor=\skip48
\ta@div=\count181
Package typearea Info: You've used standard option `letterpaper'.
(typearea)             This is correct!
(typearea)             Internally I'm using `paper=letter'.
(typearea)             If you'd like to set the option with \KOMAoptions,
(typearea)             you'd have to use `paper=letter' there
(typearea)             instead of `letterpaper', too.
\ta@hblk=\skip49
\ta@vblk=\skip50
\ta@temp=\skip51
\footheight=\skip52
Package typearea Info: These are the values describing the layout:
(typearea)             DIV  = 11
(typearea)             BCOR = 0.0pt
(typearea)             \paperwidth      = 614.295pt
(typearea)              \textwidth      = 446.76004pt
(typearea)              DIV departure   = -14%
(typearea)              \evensidemargin = 11.49748pt
(typearea)              \oddsidemargin  = 11.49748pt
(typearea)             \paperheight     = 794.96999pt
(typearea)              \textheight     = 582.20026pt
(typearea)              \topmargin      = -37.40001pt
(typearea)              \headheight     = 17.0pt
(typearea)              \headsep        = 20.40001pt
(typearea)              \topskip        = 11.0pt
(typearea)              \footskip       = 47.6pt
(typearea)              \baselineskip   = 13.6pt
(typearea)              on input line 1767.
)
\c@part=\count182
\c@chapter=\count183
\c@section=\count184
\c@subsection=\count185
\c@subsubsection=\count186
\c@paragraph=\count187
\c@subparagraph=\count188
\scr@dte@chapter@maxnumwidth=\skip53
Class scrreprt Info: using compatibility default `afterindent=bysign'
(scrreprt)           for `\chapter on input line 5902.
\scr@dte@section@maxnumwidth=\skip54
Class scrreprt Info: using compatibility default `runin=bysign'
(scrreprt)           for `\section on input line 5913.
Class scrreprt Info: using compatibility default `afterindent=bysign'
(scrreprt)           for `\section on input line 5913.
\scr@dte@part@maxnumwidth=\skip55
Class scrreprt Info: using compatibility default `afterindent=true'
(scrreprt)           for `\part on input line 5922.
\scr@dte@subsection@maxnumwidth=\skip56
Class scrreprt Info: using compatibility default `runin=bysign'
(scrreprt)           for `\subsection on input line 5932.
Class scrreprt Info: using compatibility default `afterindent=bysign'
(scrreprt)           for `\subsection on input line 5932.
\scr@dte@subsubsection@maxnumwidth=\skip57
Class scrreprt Info: using compatibility default `runin=bysign'
(scrreprt)           for `\subsubsection on input line 5942.
Class scrreprt Info: using compatibility default `afterindent=bysign'
(scrreprt)           for `\subsubsection on input line 5942.
\scr@dte@paragraph@maxnumwidth=\skip58
Class scrreprt Info: using compatibility default `runin=bysign'
(scrreprt)           for `\paragraph on input line 5953.
Class scrreprt Info: using compatibility default `afterindent=bysign'
(scrreprt)           for `\paragraph on input line 5953.
\scr@dte@subparagraph@maxnumwidth=\skip59
Class scrreprt Info: using compatibility default `runin=bysign'
(scrreprt)           for `\subparagraph on input line 5963.
Class scrreprt Info: using compatibility default `afterindent=bysign'
(scrreprt)           for `\subparagraph on input line 5963.
\abovecaptionskip=\skip60
\belowcaptionskip=\skip61
\c@pti@nb@sid@b@x=\box52
Package tocbasic Info: omitting babel extension for `lof'
(tocbasic)             because of feature `nobabel' available
(tocbasic)             for `lof' on input line 7140.
\scr@dte@figure@maxnumwidth=\skip62
\c@figure=\count189
Package tocbasic Info: omitting babel extension for `lot'
(tocbasic)             because of feature `nobabel' available
(tocbasic)             for `lot' on input line 7157.
\scr@dte@table@maxnumwidth=\skip63
\c@table=\count190
Class scrreprt Info: Redefining `\numberline' on input line 7328.
\bibindent=\dimen138
) (E:\devSoftware\MiKTeX\tex/latex/amsmath\amsmath.sty
Package: amsmath 2022/04/08 v2.17n AMS math features
\@mathmargin=\skip64
For additional information on amsmath, use the `?' option.
(E:\devSoftware\MiKTeX\tex/latex/amsmath\amstext.sty
Package: amstext 2021/08/26 v2.01 AMS text
(E:\devSoftware\MiKTeX\tex/latex/amsmath\amsgen.sty
File: amsgen.sty 1999/11/30 v2.0 generic functions
\@emptytoks=\toks17
\ex@=\dimen139
)) (E:\devSoftware\MiKTeX\tex/latex/amsmath\amsbsy.sty
Package: amsbsy 1999/11/29 v1.2d Bold Symbols
\pmbraise@=\dimen140
) (E:\devSoftware\MiKTeX\tex/latex/amsmath\amsopn.sty
Package: amsopn 2022/04/08 v2.04 operator names
)
\inf@bad=\count191
LaTeX Info: Redefining \frac on input line 234.
\uproot@=\count192
\leftroot@=\count193
LaTeX Info: Redefining \overline on input line 399.
LaTeX Info: Redefining \colon on input line 410.
\classnum@=\count194
\DOTSCASE@=\count195
LaTeX Info: Redefining \ldots on input line 496.
LaTeX Info: Redefining \dots on input line 499.
LaTeX Info: Redefining \cdots on input line 620.
\Mathstrutbox@=\box53
\strutbox@=\box54
LaTeX Info: Redefining \big on input line 722.
LaTeX Info: Redefining \Big on input line 723.
LaTeX Info: Redefining \bigg on input line 724.
LaTeX Info: Redefining \Bigg on input line 725.
\big@size=\dimen141
LaTeX Font Info:    Redeclaring font encoding OML on input line 743.
LaTeX Font Info:    Redeclaring font encoding OMS on input line 744.
\macc@depth=\count196
LaTeX Info: Redefining \bmod on input line 905.
LaTeX Info: Redefining \pmod on input line 910.
LaTeX Info: Redefining \smash on input line 940.
LaTeX Info: Redefining \relbar on input line 970.
LaTeX Info: Redefining \Relbar on input line 971.
\c@MaxMatrixCols=\count197
\dotsspace@=\muskip16
\c@parentequation=\count198
\dspbrk@lvl=\count199
\tag@help=\toks18
\row@=\count266
\column@=\count267
\maxfields@=\count268
\andhelp@=\toks19
\eqnshift@=\dimen142
\alignsep@=\dimen143
\tagshift@=\dimen144
\tagwidth@=\dimen145
\totwidth@=\dimen146
\lineht@=\dimen147
\@envbody=\toks20
\multlinegap=\skip65
\multlinetaggap=\skip66
\mathdisplay@stack=\toks21
LaTeX Info: Redefining \[ on input line 2953.
LaTeX Info: Redefining \] on input line 2954.
) (E:\devSoftware\MiKTeX\tex/latex/amsfonts\amssymb.sty
Package: amssymb 2013/01/14 v3.01 AMS font symbols
(E:\devSoftware\MiKTeX\tex/latex/amsfonts\amsfonts.sty
Package: amsfonts 2013/01/14 v3.01 Basic AMSFonts support
\symAMSa=\mathgroup4
\symAMSb=\mathgroup5
LaTeX Font Info:    Redeclaring math symbol \hbar on input line 98.
LaTeX Font Info:    Overwriting math alphabet `\mathfrak' in version `bold'
(Font)                  U/euf/m/n --> U/euf/b/n on input line 106.
)) (E:\devSoftware\MiKTeX\tex/latex/lm\lmodern.sty
Package: lmodern 2015/05/01 v1.6.1 Latin Modern Fonts
LaTeX Font Info:    Overwriting symbol font `operators' in version `normal'
(Font)                  OT1/cmr/m/n --> OT1/lmr/m/n on input line 22.
LaTeX Font Info:    Overwriting symbol font `letters' in version `normal'
(Font)                  OML/cmm/m/it --> OML/lmm/m/it on input line 23.
LaTeX Font Info:    Overwriting symbol font `symbols' in version `normal'
(Font)                  OMS/cmsy/m/n --> OMS/lmsy/m/n on input line 24.
LaTeX Font Info:    Overwriting symbol font `largesymbols' in version `normal'
(Font)                  OMX/cmex/m/n --> OMX/lmex/m/n on input line 25.
LaTeX Font Info:    Overwriting symbol font `operators' in version `bold'
(Font)                  OT1/cmr/bx/n --> OT1/lmr/bx/n on input line 26.
LaTeX Font Info:    Overwriting symbol font `letters' in version `bold'
(Font)                  OML/cmm/b/it --> OML/lmm/b/it on input line 27.
LaTeX Font Info:    Overwriting symbol font `symbols' in version `bold'
(Font)                  OMS/cmsy/b/n --> OMS/lmsy/b/n on input line 28.
LaTeX Font Info:    Overwriting symbol font `largesymbols' in version `bold'
(Font)                  OMX/cmex/m/n --> OMX/lmex/m/n on input line 29.
LaTeX Font Info:    Overwriting math alphabet `\mathbf' in version `normal'
(Font)                  OT1/cmr/bx/n --> OT1/lmr/bx/n on input line 31.
LaTeX Font Info:    Overwriting math alphabet `\mathsf' in version `normal'
(Font)                  OT1/cmss/m/n --> OT1/lmss/m/n on input line 32.
LaTeX Font Info:    Overwriting math alphabet `\mathit' in version `normal'
(Font)                  OT1/cmr/m/it --> OT1/lmr/m/it on input line 33.
LaTeX Font Info:    Overwriting math alphabet `\mathtt' in version `normal'
(Font)                  OT1/cmtt/m/n --> OT1/lmtt/m/n on input line 34.
LaTeX Font Info:    Overwriting math alphabet `\mathbf' in version `bold'
(Font)                  OT1/cmr/bx/n --> OT1/lmr/bx/n on input line 35.
LaTeX Font Info:    Overwriting math alphabet `\mathsf' in version `bold'
(Font)                  OT1/cmss/bx/n --> OT1/lmss/bx/n on input line 36.
LaTeX Font Info:    Overwriting math alphabet `\mathit' in version `bold'
(Font)                  OT1/cmr/bx/it --> OT1/lmr/bx/it on input line 37.
LaTeX Font Info:    Overwriting math alphabet `\mathtt' in version `bold'
(Font)                  OT1/cmtt/m/n --> OT1/lmtt/m/n on input line 38.
) (E:\devSoftware\MiKTeX\tex/generic/iftex\iftex.sty
Package: iftex 2022/02/03 v1.0f TeX engine tests
) (C:\Users\yura\AppData\Roaming\MiKTeX\tex/latex/unicode-math\unicode-math.sty
(E:\devSoftware\MiKTeX\tex/latex/l3kernel\expl3.sty
Package: expl3 2022-09-28 L3 programming layer (loader) 
(E:\devSoftware\MiKTeX\tex/latex/l3backend\l3backend-xetex.def
File: l3backend-xetex.def 2022-09-28 L3 backend support: XeTeX
\g__graphics_track_int=\count269
\l__pdf_internal_box=\box55
\g__pdf_backend_object_int=\count270
\g__pdf_backend_annotation_int=\count271
\g__pdf_backend_link_int=\count272
))
Package: unicode-math 2020/01/31 v0.8q Unicode maths in XeLaTeX and LuaLaTeX

(C:\Users\yura\AppData\Roaming\MiKTeX\tex/latex/unicode-math\unicode-math-xetex
.sty
Package: unicode-math-xetex 2020/01/31 v0.8q Unicode maths in XeLaTeX and LuaLa
TeX
(E:\devSoftware\MiKTeX\tex/latex/l3packages/xparse\xparse.sty
Package: xparse 2022-06-22 L3 Experimental document command parser
) (E:\devSoftware\MiKTeX\tex/latex/l3packages/l3keys2e\l3keys2e.sty
Package: l3keys2e 2022-06-22 LaTeX2e option processing using LaTeX3 keys
) (E:\devSoftware\MiKTeX\tex/latex/fontspec\fontspec.sty
Package: fontspec 2022/01/15 v2.8a Font selection for XeLaTeX and LuaLaTeX
(E:\devSoftware\MiKTeX\tex/latex/fontspec\fontspec-xetex.sty
Package: fontspec-xetex 2022/01/15 v2.8a Font selection for XeLaTeX and LuaLaTe
X
\l__fontspec_script_int=\count273
\l__fontspec_language_int=\count274
\l__fontspec_strnum_int=\count275
\l__fontspec_tmp_int=\count276
\l__fontspec_tmpa_int=\count277
\l__fontspec_tmpb_int=\count278
\l__fontspec_tmpc_int=\count279
\l__fontspec_em_int=\count280
\l__fontspec_emdef_int=\count281
\l__fontspec_strong_int=\count282
\l__fontspec_strongdef_int=\count283
\l__fontspec_tmpa_dim=\dimen148
\l__fontspec_tmpb_dim=\dimen149
\l__fontspec_tmpc_dim=\dimen150
(E:\devSoftware\MiKTeX\tex/latex/base\fontenc.sty
Package: fontenc 2021/04/29 v2.0v Standard LaTeX package
) (E:\devSoftware\MiKTeX\tex/latex/fontspec\fontspec.cfg))) (E:\devSoftware\MiK
TeX\tex/latex/base\fix-cm.sty
Package: fix-cm 2020/11/24 v1.1t fixes to LaTeX
(E:\devSoftware\MiKTeX\tex/latex/base\ts1enc.def
File: ts1enc.def 2001/06/05 v3.0e (jk/car/fm) Standard LaTeX file
LaTeX Font Info:    Redeclaring font encoding TS1 on input line 47.
))
\g__um_fam_int=\count284
\g__um_fonts_used_int=\count285
\l__um_primecount_int=\count286
\g__um_primekern_muskip=\muskip17

(C:\Users\yura\AppData\Roaming\MiKTeX\tex/latex/unicode-math\unicode-math-table
.tex))) (C:\Users\yura\AppData\Roaming\MiKTeX\tex/latex/upquote\upquote.sty
Package: upquote 2012/04/19 v1.3 upright-quote and grave-accent glyphs in verba
tim
(E:\devSoftware\MiKTeX\tex/latex/base\textcomp.sty
Package: textcomp 2020/02/02 v2.0n Standard LaTeX package
)) (C:\Users\yura\AppData\Roaming\MiKTeX\tex/latex/microtype\microtype.sty
Package: microtype 2023/03/13 v3.1a Micro-typographical refinements (RS)
(E:\devSoftware\MiKTeX\tex/latex/etoolbox\etoolbox.sty
Package: etoolbox 2020/10/05 v2.5k e-TeX tools for LaTeX (JAW)
\etb@tempcnta=\count287
)
\MT@toks=\toks22
\MT@tempbox=\box56
\MT@count=\count288
LaTeX Info: Redefining \noprotrusionifhmode on input line 1059.
LaTeX Info: Redefining \leftprotrusion on input line 1060.
\MT@prot@toks=\toks23
LaTeX Info: Redefining \rightprotrusion on input line 1078.
LaTeX Info: Redefining \textls on input line 1368.
\MT@outer@kern=\dimen151
LaTeX Info: Redefining \textmicrotypecontext on input line 1988.
\MT@listname@count=\count289
(C:\Users\yura\AppData\Roaming\MiKTeX\tex/latex/microtype\microtype-xetex.def
File: microtype-xetex.def 2023/03/13 v3.1a Definitions specific to xetex (RS)
LaTeX Info: Redefining \lsstyle on input line 238.
)
Package microtype Info: Loading configuration file microtype.cfg.
(C:\Users\yura\AppData\Roaming\MiKTeX\tex/latex/microtype\microtype.cfg
File: microtype.cfg 2023/03/13 v3.1a microtype main configuration file (RS)
)) (E:\devSoftware\MiKTeX\tex/latex/xcolor\xcolor.sty
Package: xcolor 2022/06/12 v2.14 LaTeX color extensions (UK)
(E:\devSoftware\MiKTeX\tex/latex/graphics-cfg\color.cfg
File: color.cfg 2016/01/02 v1.6 sample color configuration
)
Package xcolor Info: Driver file: xetex.def on input line 227.
(E:\devSoftware\MiKTeX\tex/latex/graphics-def\xetex.def
File: xetex.def 2022/09/22 v5.0n Graphics/color driver for xetex
\stockwidth=\dimen152
\stockheight=\dimen153
) (E:\devSoftware\MiKTeX\tex/latex/graphics\mathcolor.ltx)
Package xcolor Info: Model `cmy' substituted by `cmy0' on input line 1353.
Package xcolor Info: Model `RGB' extended on input line 1369.
Package xcolor Info: Model `HTML' substituted by `rgb' on input line 1371.
Package xcolor Info: Model `Hsb' substituted by `hsb' on input line 1372.
Package xcolor Info: Model `tHsb' substituted by `hsb' on input line 1373.
Package xcolor Info: Model `HSB' substituted by `hsb' on input line 1374.
Package xcolor Info: Model `Gray' substituted by `gray' on input line 1375.
Package xcolor Info: Model `wave' substituted by `hsb' on input line 1376.
(E:\devSoftware\MiKTeX\tex/latex/graphics\dvipsnam.def
File: dvipsnam.def 2016/06/17 v3.0m Driver-dependent file (DPC,SPQR)
) (E:\devSoftware\MiKTeX\tex/latex/xcolor\svgnam.def
File: svgnam.def 2022/06/12 v2.14 Predefined colors according to SVG 1.1 (UK)
) (E:\devSoftware\MiKTeX\tex/latex/xcolor\x11nam.def
File: x11nam.def 2022/06/12 v2.14 Predefined colors according to Unix/X11 (UK)
)) (C:\Users\yura\AppData\Roaming\MiKTeX\tex/latex/fancyvrb\fancyvrb.sty
Package: fancyvrb 2022/06/06 4.5 verbatim text (tvz,hv)
\FV@CodeLineNo=\count290
\FV@InFile=\read2
\FV@TabBox=\box57
\c@FancyVerbLine=\count291
\FV@StepNumber=\count292
\FV@OutFile=\write3
) (C:\Users\yura\AppData\Roaming\MiKTeX\tex/latex/framed\framed.sty
Package: framed 2011/10/22 v 0.96: framed or shaded text with page breaks
\OuterFrameSep=\skip67
\fb@frw=\dimen154
\fb@frh=\dimen155
\FrameRule=\dimen156
\FrameSep=\dimen157
) (E:\devSoftware\MiKTeX\tex/latex/tools\longtable.sty
Package: longtable 2021-09-01 v4.17 Multi-page Table package (DPC)
\LTleft=\skip68
\LTright=\skip69
\LTpre=\skip70
\LTpost=\skip71
\LTchunksize=\count293
\LTcapwidth=\dimen158
\LT@head=\box58
\LT@firsthead=\box59
\LT@foot=\box60
\LT@lastfoot=\box61
\LT@gbox=\box62
\LT@cols=\count294
\LT@rows=\count295
\c@LT@tables=\count296
\c@LT@chunks=\count297
\LT@p@ftn=\toks24
)
Class scrreprt Info: longtable captions redefined on input line 95.
(C:\Users\yura\AppData\Roaming\MiKTeX\tex/latex/booktabs\booktabs.sty
Package: booktabs 2020/01/12 v1.61803398 Publication quality tables
\heavyrulewidth=\dimen159
\lightrulewidth=\dimen160
\cmidrulewidth=\dimen161
\belowrulesep=\dimen162
\belowbottomsep=\dimen163
\aboverulesep=\dimen164
\abovetopsep=\dimen165
\cmidrulesep=\dimen166
\cmidrulekern=\dimen167
\defaultaddspace=\dimen168
\@cmidla=\count298
\@cmidlb=\count299
\@aboverulesep=\dimen169
\@belowrulesep=\dimen170
\@thisruleclass=\count300
\@lastruleclass=\count301
\@thisrulewidth=\dimen171
) (E:\devSoftware\MiKTeX\tex/latex/tools\array.sty
Package: array 2022/03/10 v2.5f Tabular extension package (FMi)
\col@sep=\dimen172
\ar@mcellbox=\box63
\extrarowheight=\dimen173
\NC@list=\toks25
\extratabsurround=\skip72
\backup@length=\skip73
\ar@cellbox=\box64
) (E:\devSoftware\MiKTeX\tex/latex/tools\calc.sty
Package: calc 2017/05/25 v4.3 Infix arithmetic (KKT,FJ)
\calc@Acount=\count302
\calc@Bcount=\count303
\calc@Adimen=\dimen174
\calc@Bdimen=\dimen175
\calc@Askip=\skip74
\calc@Bskip=\skip75
LaTeX Info: Redefining \setlength on input line 80.
LaTeX Info: Redefining \addtolength on input line 81.
\calc@Ccount=\count304
\calc@Cskip=\skip76
)
(C:\Users\yura\AppData\Roaming\MiKTeX\tex/latex/footnotehyper\footnotehyper.sty
Package: footnotehyper 2021/08/13 v1.1e hyperref aware footnote.sty (JFB)
\FNH@notes=\box65
\FNH@width=\dimen176
\FNH@toks=\toks26
) (E:\devSoftware\MiKTeX\tex/latex/graphics\graphicx.sty
Package: graphicx 2021/09/16 v1.2d Enhanced LaTeX Graphics (DPC,SPQR)
(E:\devSoftware\MiKTeX\tex/latex/graphics\graphics.sty
Package: graphics 2022/03/10 v1.4e Standard LaTeX Graphics (DPC,SPQR)
(E:\devSoftware\MiKTeX\tex/latex/graphics\trig.sty
Package: trig 2021/08/11 v1.11 sin cos tan (DPC)
) (E:\devSoftware\MiKTeX\tex/latex/graphics-cfg\graphics.cfg
File: graphics.cfg 2016/06/04 v1.11 sample graphics configuration
)
Package graphics Info: Driver file: xetex.def on input line 107.
)
\Gin@req@height=\dimen177
\Gin@req@width=\dimen178
)
\cslhangindent=\skip77
\csllabelwidth=\skip78
\cslentryspacingunit=\skip79
(E:\devSoftware\MiKTeX\tex/latex/tcolorbox\tcolorbox.sty
Package: tcolorbox 2022/06/24 version 5.1.1 text color boxes
(E:\devSoftware\MiKTeX\tex/latex/pgf/basiclayer\pgf.sty (E:\devSoftware\MiKTeX\
tex/latex/pgf/utilities\pgfrcs.sty (E:\devSoftware\MiKTeX\tex/generic/pgf/utili
ties\pgfutil-common.tex
\pgfutil@everybye=\toks27
\pgfutil@tempdima=\dimen179
\pgfutil@tempdimb=\dimen180
(E:\devSoftware\MiKTeX\tex/generic/pgf/utilities\pgfutil-common-lists.tex)) (E:
\devSoftware\MiKTeX\tex/generic/pgf/utilities\pgfutil-latex.def
\pgfutil@abb=\box66
) (E:\devSoftware\MiKTeX\tex/generic/pgf/utilities\pgfrcs.code.tex (E:\devSoftw
are\MiKTeX\tex/generic/pgf\pgf.revision.tex)
Package: pgfrcs 2021/05/15 v3.1.9a (3.1.9a)
))
Package: pgf 2021/05/15 v3.1.9a (3.1.9a)
(E:\devSoftware\MiKTeX\tex/latex/pgf/basiclayer\pgfcore.sty (E:\devSoftware\MiK
TeX\tex/latex/pgf/systemlayer\pgfsys.sty (E:\devSoftware\MiKTeX\tex/generic/pgf
/systemlayer\pgfsys.code.tex
Package: pgfsys 2021/05/15 v3.1.9a (3.1.9a)
(E:\devSoftware\MiKTeX\tex/generic/pgf/utilities\pgfkeys.code.tex
\pgfkeys@pathtoks=\toks28
\pgfkeys@temptoks=\toks29
(E:\devSoftware\MiKTeX\tex/generic/pgf/utilities\pgfkeysfiltered.code.tex
\pgfkeys@tmptoks=\toks30
))
\pgf@x=\dimen181
\pgf@y=\dimen182
\pgf@xa=\dimen183
\pgf@ya=\dimen184
\pgf@xb=\dimen185
\pgf@yb=\dimen186
\pgf@xc=\dimen187
\pgf@yc=\dimen188
\pgf@xd=\dimen189
\pgf@yd=\dimen190
\w@pgf@writea=\write4
\r@pgf@reada=\read3
\c@pgf@counta=\count305
\c@pgf@countb=\count306
\c@pgf@countc=\count307
\c@pgf@countd=\count308
\t@pgf@toka=\toks31
\t@pgf@tokb=\toks32
\t@pgf@tokc=\toks33
\pgf@sys@id@count=\count309
(E:\devSoftware\MiKTeX\tex/generic/pgf/systemlayer\pgf.cfg
File: pgf.cfg 2021/05/15 v3.1.9a (3.1.9a)
)
Driver file for pgf: pgfsys-xetex.def
(E:\devSoftware\MiKTeX\tex/generic/pgf/systemlayer\pgfsys-xetex.def
File: pgfsys-xetex.def 2021/05/15 v3.1.9a (3.1.9a)
(E:\devSoftware\MiKTeX\tex/generic/pgf/systemlayer\pgfsys-dvipdfmx.def
File: pgfsys-dvipdfmx.def 2021/05/15 v3.1.9a (3.1.9a)
(E:\devSoftware\MiKTeX\tex/generic/pgf/systemlayer\pgfsys-common-pdf.def
File: pgfsys-common-pdf.def 2021/05/15 v3.1.9a (3.1.9a)
)
\pgfsys@objnum=\count310
))) (E:\devSoftware\MiKTeX\tex/generic/pgf/systemlayer\pgfsyssoftpath.code.tex
File: pgfsyssoftpath.code.tex 2021/05/15 v3.1.9a (3.1.9a)
\pgfsyssoftpath@smallbuffer@items=\count311
\pgfsyssoftpath@bigbuffer@items=\count312
) (E:\devSoftware\MiKTeX\tex/generic/pgf/systemlayer\pgfsysprotocol.code.tex
File: pgfsysprotocol.code.tex 2021/05/15 v3.1.9a (3.1.9a)
)) (E:\devSoftware\MiKTeX\tex/generic/pgf/basiclayer\pgfcore.code.tex
Package: pgfcore 2021/05/15 v3.1.9a (3.1.9a)
(E:\devSoftware\MiKTeX\tex/generic/pgf/math\pgfmath.code.tex (E:\devSoftware\Mi
KTeX\tex/generic/pgf/math\pgfmathcalc.code.tex (E:\devSoftware\MiKTeX\tex/gener
ic/pgf/math\pgfmathutil.code.tex) (E:\devSoftware\MiKTeX\tex/generic/pgf/math\p
gfmathparser.code.tex
\pgfmath@dimen=\dimen191
\pgfmath@count=\count313
\pgfmath@box=\box67
\pgfmath@toks=\toks34
\pgfmath@stack@operand=\toks35
\pgfmath@stack@operation=\toks36
) (E:\devSoftware\MiKTeX\tex/generic/pgf/math\pgfmathfunctions.code.tex (E:\dev
Software\MiKTeX\tex/generic/pgf/math\pgfmathfunctions.basic.code.tex)
(E:\devSoftware\MiKTeX\tex/generic/pgf/math\pgfmathfunctions.trigonometric.code
.tex) (E:\devSoftware\MiKTeX\tex/generic/pgf/math\pgfmathfunctions.random.code.
tex)
(E:\devSoftware\MiKTeX\tex/generic/pgf/math\pgfmathfunctions.comparison.code.te
x) (E:\devSoftware\MiKTeX\tex/generic/pgf/math\pgfmathfunctions.base.code.tex) 
(E:\devSoftware\MiKTeX\tex/generic/pgf/math\pgfmathfunctions.round.code.tex) (E
:\devSoftware\MiKTeX\tex/generic/pgf/math\pgfmathfunctions.misc.code.tex)
(E:\devSoftware\MiKTeX\tex/generic/pgf/math\pgfmathfunctions.integerarithmetics
.code.tex))) (E:\devSoftware\MiKTeX\tex/generic/pgf/math\pgfmathfloat.code.tex
\c@pgfmathroundto@lastzeros=\count314
)) (E:\devSoftware\MiKTeX\tex/generic/pgf/math\pgfint.code.tex) (E:\devSoftware
\MiKTeX\tex/generic/pgf/basiclayer\pgfcorepoints.code.tex
File: pgfcorepoints.code.tex 2021/05/15 v3.1.9a (3.1.9a)
\pgf@picminx=\dimen192
\pgf@picmaxx=\dimen193
\pgf@picminy=\dimen194
\pgf@picmaxy=\dimen195
\pgf@pathminx=\dimen196
\pgf@pathmaxx=\dimen197
\pgf@pathminy=\dimen198
\pgf@pathmaxy=\dimen199
\pgf@xx=\dimen256
\pgf@xy=\dimen257
\pgf@yx=\dimen258
\pgf@yy=\dimen259
\pgf@zx=\dimen260
\pgf@zy=\dimen261
)
(E:\devSoftware\MiKTeX\tex/generic/pgf/basiclayer\pgfcorepathconstruct.code.tex
File: pgfcorepathconstruct.code.tex 2021/05/15 v3.1.9a (3.1.9a)
\pgf@path@lastx=\dimen262
\pgf@path@lasty=\dimen263
) (E:\devSoftware\MiKTeX\tex/generic/pgf/basiclayer\pgfcorepathusage.code.tex
File: pgfcorepathusage.code.tex 2021/05/15 v3.1.9a (3.1.9a)
\pgf@shorten@end@additional=\dimen264
\pgf@shorten@start@additional=\dimen265
) (E:\devSoftware\MiKTeX\tex/generic/pgf/basiclayer\pgfcorescopes.code.tex
File: pgfcorescopes.code.tex 2021/05/15 v3.1.9a (3.1.9a)
\pgfpic=\box68
\pgf@hbox=\box69
\pgf@layerbox@main=\box70
\pgf@picture@serial@count=\count315
) (E:\devSoftware\MiKTeX\tex/generic/pgf/basiclayer\pgfcoregraphicstate.code.te
x
File: pgfcoregraphicstate.code.tex 2021/05/15 v3.1.9a (3.1.9a)
\pgflinewidth=\dimen266
)
(E:\devSoftware\MiKTeX\tex/generic/pgf/basiclayer\pgfcoretransformations.code.t
ex
File: pgfcoretransformations.code.tex 2021/05/15 v3.1.9a (3.1.9a)
\pgf@pt@x=\dimen267
\pgf@pt@y=\dimen268
\pgf@pt@temp=\dimen269
) (E:\devSoftware\MiKTeX\tex/generic/pgf/basiclayer\pgfcorequick.code.tex
File: pgfcorequick.code.tex 2021/05/15 v3.1.9a (3.1.9a)
) (E:\devSoftware\MiKTeX\tex/generic/pgf/basiclayer\pgfcoreobjects.code.tex
File: pgfcoreobjects.code.tex 2021/05/15 v3.1.9a (3.1.9a)
)
(E:\devSoftware\MiKTeX\tex/generic/pgf/basiclayer\pgfcorepathprocessing.code.te
x
File: pgfcorepathprocessing.code.tex 2021/05/15 v3.1.9a (3.1.9a)
) (E:\devSoftware\MiKTeX\tex/generic/pgf/basiclayer\pgfcorearrows.code.tex
File: pgfcorearrows.code.tex 2021/05/15 v3.1.9a (3.1.9a)
\pgfarrowsep=\dimen270
) (E:\devSoftware\MiKTeX\tex/generic/pgf/basiclayer\pgfcoreshade.code.tex
File: pgfcoreshade.code.tex 2021/05/15 v3.1.9a (3.1.9a)
\pgf@max=\dimen271
\pgf@sys@shading@range@num=\count316
\pgf@shadingcount=\count317
) (E:\devSoftware\MiKTeX\tex/generic/pgf/basiclayer\pgfcoreimage.code.tex
File: pgfcoreimage.code.tex 2021/05/15 v3.1.9a (3.1.9a)
(E:\devSoftware\MiKTeX\tex/generic/pgf/basiclayer\pgfcoreexternal.code.tex
File: pgfcoreexternal.code.tex 2021/05/15 v3.1.9a (3.1.9a)
\pgfexternal@startupbox=\box71
)) (E:\devSoftware\MiKTeX\tex/generic/pgf/basiclayer\pgfcorelayers.code.tex
File: pgfcorelayers.code.tex 2021/05/15 v3.1.9a (3.1.9a)
) (E:\devSoftware\MiKTeX\tex/generic/pgf/basiclayer\pgfcoretransparency.code.te
x
File: pgfcoretransparency.code.tex 2021/05/15 v3.1.9a (3.1.9a)
) (E:\devSoftware\MiKTeX\tex/generic/pgf/basiclayer\pgfcorepatterns.code.tex
File: pgfcorepatterns.code.tex 2021/05/15 v3.1.9a (3.1.9a)
) (E:\devSoftware\MiKTeX\tex/generic/pgf/basiclayer\pgfcorerdf.code.tex
File: pgfcorerdf.code.tex 2021/05/15 v3.1.9a (3.1.9a)
))) (E:\devSoftware\MiKTeX\tex/generic/pgf/modules\pgfmoduleshapes.code.tex
File: pgfmoduleshapes.code.tex 2021/05/15 v3.1.9a (3.1.9a)
\pgfnodeparttextbox=\box72
) (E:\devSoftware\MiKTeX\tex/generic/pgf/modules\pgfmoduleplot.code.tex
File: pgfmoduleplot.code.tex 2021/05/15 v3.1.9a (3.1.9a)
) (E:\devSoftware\MiKTeX\tex/latex/pgf/compatibility\pgfcomp-version-0-65.sty
Package: pgfcomp-version-0-65 2021/05/15 v3.1.9a (3.1.9a)
\pgf@nodesepstart=\dimen272
\pgf@nodesepend=\dimen273
) (E:\devSoftware\MiKTeX\tex/latex/pgf/compatibility\pgfcomp-version-1-18.sty
Package: pgfcomp-version-1-18 2021/05/15 v3.1.9a (3.1.9a)
)) (E:\devSoftware\MiKTeX\tex/latex/tools\verbatim.sty
Package: verbatim 2020-07-07 v1.5u LaTeX2e package for verbatim enhancements
\every@verbatim=\toks37
\verbatim@line=\toks38
\verbatim@in@stream=\read4
) (E:\devSoftware\MiKTeX\tex/latex/environ\environ.sty
Package: environ 2014/05/04 v0.3 A new way to define environments
(E:\devSoftware\MiKTeX\tex/latex/trimspaces\trimspaces.sty
Package: trimspaces 2009/09/17 v1.1 Trim spaces around a token list
))
\tcb@titlebox=\box73
\tcb@upperbox=\box74
\tcb@lowerbox=\box75
\tcb@phantombox=\box76
\c@tcbbreakpart=\count318
\c@tcblayer=\count319
\c@tcolorbox@number=\count320
\tcb@temp=\box77
\tcb@temp=\box78
\tcb@temp=\box79
\tcb@temp=\box80
(E:\devSoftware\MiKTeX\tex/latex/tcolorbox\tcbraster.code.tex
Library (tcolorbox): 'tcbraster.code.tex' version '5.1.1'
\c@tcbrastercolumn=\count321
\c@tcbrasterrow=\count322
\c@tcbrasternum=\count323
\c@tcbraster=\count324
) (E:\devSoftware\MiKTeX\tex/latex/tcolorbox\tcbskins.code.tex
Library (tcolorbox): 'tcbskins.code.tex' version '5.1.1'
(E:\devSoftware\MiKTeX\tex/latex/pgf/frontendlayer\tikz.sty (E:\devSoftware\MiK
TeX\tex/latex/pgf/utilities\pgffor.sty (E:\devSoftware\MiKTeX\tex/latex/pgf/uti
lities\pgfkeys.sty (E:\devSoftware\MiKTeX\tex/generic/pgf/utilities\pgfkeys.cod
e.tex)) (E:\devSoftware\MiKTeX\tex/latex/pgf/math\pgfmath.sty (E:\devSoftware\M
iKTeX\tex/generic/pgf/math\pgfmath.code.tex)) (E:\devSoftware\MiKTeX\tex/generi
c/pgf/utilities\pgffor.code.tex
Package: pgffor 2021/05/15 v3.1.9a (3.1.9a)
(E:\devSoftware\MiKTeX\tex/generic/pgf/math\pgfmath.code.tex)
\pgffor@iter=\dimen274
\pgffor@skip=\dimen275
\pgffor@stack=\toks39
\pgffor@toks=\toks40
)) (E:\devSoftware\MiKTeX\tex/generic/pgf/frontendlayer/tikz\tikz.code.tex
Package: tikz 2021/05/15 v3.1.9a (3.1.9a)

(E:\devSoftware\MiKTeX\tex/generic/pgf/libraries\pgflibraryplothandlers.code.te
x
File: pgflibraryplothandlers.code.tex 2021/05/15 v3.1.9a (3.1.9a)
\pgf@plot@mark@count=\count325
\pgfplotmarksize=\dimen276
)
\tikz@lastx=\dimen277
\tikz@lasty=\dimen278
\tikz@lastxsaved=\dimen279
\tikz@lastysaved=\dimen280
\tikz@lastmovetox=\dimen281
\tikz@lastmovetoy=\dimen282
\tikzleveldistance=\dimen283
\tikzsiblingdistance=\dimen284
\tikz@figbox=\box81
\tikz@figbox@bg=\box82
\tikz@tempbox=\box83
\tikz@tempbox@bg=\box84
\tikztreelevel=\count326
\tikznumberofchildren=\count327
\tikznumberofcurrentchild=\count328
\tikz@fig@count=\count329
(E:\devSoftware\MiKTeX\tex/generic/pgf/modules\pgfmodulematrix.code.tex
File: pgfmodulematrix.code.tex 2021/05/15 v3.1.9a (3.1.9a)
\pgfmatrixcurrentrow=\count330
\pgfmatrixcurrentcolumn=\count331
\pgf@matrix@numberofcolumns=\count332
)
\tikz@expandcount=\count333

(E:\devSoftware\MiKTeX\tex/generic/pgf/frontendlayer/tikz/libraries\tikzlibrary
topaths.code.tex
File: tikzlibrarytopaths.code.tex 2021/05/15 v3.1.9a (3.1.9a)
)))
\tcb@waterbox=\box85
(E:\devSoftware\MiKTeX\tex/latex/tcolorbox\tcbskinsjigsaw.code.tex
Library (tcolorbox): 'tcbskinsjigsaw.code.tex' version '5.1.1'
)) (E:\devSoftware\MiKTeX\tex/latex/tcolorbox\tcbbreakable.code.tex
Library (tcolorbox): 'tcbbreakable.code.tex' version '5.1.1'
(C:\Users\yura\AppData\Roaming\MiKTeX\tex/latex/pdfcol\pdfcol.sty
Package: pdfcol 2022-09-21 v1.7 Handle new color stacks for pdfTeX (HO)
(C:\Users\yura\AppData\Roaming\MiKTeX\tex/generic/ltxcmds\ltxcmds.sty
Package: ltxcmds 2020-05-10 v1.25 LaTeX kernel commands for general use (HO)
) (C:\Users\yura\AppData\Roaming\MiKTeX\tex/generic/infwarerr\infwarerr.sty
Package: infwarerr 2019/12/03 v1.5 Providing info/warning/error messages (HO)
)
Package pdfcol Info: Interface disabled because of missing PDF mode of pdfTeX.
)
Package pdfcol Info: pdfTeX's color stacks are not available.
\tcb@testbox=\box86
\tcb@totalupperbox=\box87
\tcb@totallowerbox=\box88
) (E:\devSoftware\MiKTeX\tex/latex/tcolorbox\tcbhooks.code.tex
Library (tcolorbox): 'tcbhooks.code.tex' version '5.1.1'
) (E:\devSoftware\MiKTeX\tex/latex/tcolorbox\tcbtheorems.code.tex
Library (tcolorbox): 'tcbtheorems.code.tex' version '5.1.1'
) (E:\devSoftware\MiKTeX\tex/latex/tcolorbox\tcbfitting.code.tex
Library (tcolorbox): 'tcbfitting.code.tex' version '5.1.1'
\tcbfitdim=\dimen285
\tcb@lowerfitdim=\dimen286
\tcb@upperfitdim=\dimen287
\tcb@cur@hbadness=\count334
)) (C:\Users\yura\AppData\Roaming\MiKTeX\tex/latex/fontawesome5\fontawesome5.st
y
Package: fontawesome5 2022/05/02 v5.15.4 Font Awesome 5

(C:\Users\yura\AppData\Roaming\MiKTeX\tex/latex/fontawesome5\fontawesome5-utex-
helper.sty
Package: fontawesome5-utex-helper 2022/05/02 v5.15.4 uTeX helper for fontawesom
e5
LaTeX Font Info:    Trying to load font information for TU+fontawesomefree on i
nput line 69.

(C:\Users\yura\AppData\Roaming\MiKTeX\tex/latex/fontawesome5\tufontawesomefree.
fd)
! Interruption.
\c__fontawesome_invalid_tokens_seq ...em:n {\faH }
                                                  \__seq_item:n {\faRepeat }...
l.69 ...ze_font:nn{\c__fontawesome_kind_tl}{solid}
                                                   
Here is how much of TeX's memory you used:
 29686 strings out of 410532
 638263 string characters out of 2817967
 1208060 words of memory out of 3000000
 50536 multiletter control sequences out of 15000+600000
 469283 words of font info for 31 fonts, out of 8000000 for 9000
 1348 hyphenation exceptions out of 8191
 108i,1n,106p,10602b,270s stack positions out of 10000i,1000n,20000p,200000b,80000s

No pages of output.
